<?xml version="1.0" encoding="UTF-8"?>
<testng-results skipped="0" failed="0" ignored="0" total="2" passed="2">
  <reporter-output>
  </reporter-output>
  <suite name="Default suite" duration-ms="2282" started-at="2020-04-02T16:43:41 IST" finished-at="2020-04-02T16:43:44 IST">
    <groups>
    </groups>
    <test name="Default test" duration-ms="2282" started-at="2020-04-02T16:43:41 IST" finished-at="2020-04-02T16:43:44 IST">
      <class name="com.qa.tests.GetAPITest">
        <test-method status="PASS" signature="setUp()[pri:0, instance:com.qa.tests.GetAPITest@43814d18]" name="setUp" is-config="true" duration-ms="6" started-at="2020-04-02T16:43:42 IST" finished-at="2020-04-02T16:43:42 IST">
          <reporter-output>
          </reporter-output>
        </test-method> <!-- setUp -->
        <test-method status="PASS" signature="getTestWithHeaders()[pri:0, instance:com.qa.tests.GetAPITest@43814d18]" name="getTestWithHeaders" duration-ms="1858" started-at="2020-04-02T16:43:42 IST" finished-at="2020-04-02T16:43:43 IST">
          <reporter-output>
          </reporter-output>
        </test-method> <!-- getTestWithHeaders -->
        <test-method status="PASS" signature="setUp()[pri:0, instance:com.qa.tests.GetAPITest@43814d18]" name="setUp" is-config="true" duration-ms="1" started-at="2020-04-02T16:43:43 IST" finished-at="2020-04-02T16:43:43 IST">
          <reporter-output>
          </reporter-output>
        </test-method> <!-- setUp -->
        <test-method status="PASS" signature="getTestWithoutHeaders()[pri:0, instance:com.qa.tests.GetAPITest@43814d18]" name="getTestWithoutHeaders" duration-ms="371" started-at="2020-04-02T16:43:43 IST" finished-at="2020-04-02T16:43:44 IST">
          <reporter-output>
          </reporter-output>
        </test-method> <!-- getTestWithoutHeaders -->
      </class> <!-- com.qa.tests.GetAPITest -->
    </test> <!-- Default test -->
  </suite> <!-- Default suite -->
</testng-results>
